TN:
SF:contracts/CarameloPreSale.sol
FN:40,CarameloPreSale.
FNDA:13,CarameloPreSale.
DA:47,13
BRDA:47,0,0,1
DA:49,12
DA:50,12
DA:51,12
DA:52,12
DA:53,12
DA:54,12
FN:57,CarameloPreSale.onlyActivePreSale
FNDA:10,CarameloPreSale.onlyActivePreSale
DA:58,10
BRDA:58,1,0,1
FN:62,CarameloPreSale.initializePreSale
FNDA:10,CarameloPreSale.initializePreSale
DA:63,1
BRDA:63,2,0,1
DA:64,9
DA:65,9
BRDA:65,3,0,1
DA:67,8
DA:68,8
FN:71,CarameloPreSale.buyTokens
FNDA:10,CarameloPreSale.buyTokens
DA:72,9
BRDA:72,4,0,-
DA:74,9
DA:75,9
BRDA:75,5,0,-
DA:78,9
DA:80,9
BRDA:80,6,0,1
DA:82,8
DA:83,8
DA:84,8
DA:87,8
BRDA:87,7,0,-
DA:89,8
FN:92,CarameloPreSale.updatePhase
FNDA:3,CarameloPreSale.updatePhase
DA:93,3
BRDA:93,8,0,-
DA:94,3
DA:96,3
FN:99,CarameloPreSale.endPreSale
FNDA:1,CarameloPreSale.endPreSale
DA:100,1
DA:101,1
FN:104,CarameloPreSale.withdrawFunds
FNDA:2,CarameloPreSale.withdrawFunds
DA:105,2
DA:106,2
BRDA:106,9,0,-
DA:108,2
DA:109,2
BRDA:109,10,0,1
DA:111,1
FN:114,CarameloPreSale.tokensRemaining
FNDA:8,CarameloPreSale.tokensRemaining
DA:115,8
FNF:8
FNH:8
LF:34
LH:34
BRF:11
BRH:6
end_of_record
TN:
SF:contracts/Token.sol
FN:126,Token.lockTheSwap
FNDA:7,Token.lockTheSwap
DA:127,7
DA:129,5
FN:132,Token.
FNDA:79,Token.
FN:134,Token.initialize
FNDA:78,Token.initialize
DA:146,77
BRDA:146,0,0,-
DA:147,0
DA:150,77
DA:151,77
DA:153,77
DA:154,77
DA:155,77
DA:157,77
DA:158,77
DA:160,77
DA:161,77
DA:162,77
DA:164,77
DA:165,77
DA:169,77
DA:171,77
DA:172,77
DA:174,77
DA:176,77
FN:179,Token.name
FNDA:4,Token.name
DA:180,4
FN:183,Token.symbol
FNDA:4,Token.symbol
DA:184,4
FN:187,Token.reflectionBalanceOf
FNDA:6,Token.reflectionBalanceOf
DA:190,6
BRDA:190,1,0,1
BRDA:190,1,1,5
DA:191,5
FN:194,Token.decimals
FNDA:11,Token.decimals
DA:195,11
FN:198,Token.allowance
FNDA:5,Token.allowance
DA:202,5
FN:205,Token.totalSupply
FNDA:9,Token.totalSupply
DA:206,9
FN:209,Token.balanceOf
FNDA:105,Token.balanceOf
DA:210,182
FN:213,Token.freezeUpgrades
FNDA:3,Token.freezeUpgrades
DA:214,3
FN:217,Token.transfer
FNDA:75,Token.transfer
DA:218,75
DA:219,66
FN:222,Token.transferFrom
FNDA:11,Token.transferFrom
DA:227,11
DA:228,11
BRDA:228,2,0,2
DA:229,2
DA:232,9
DA:235,9
DA:238,9
FN:241,Token.setMaxTxAmount
FNDA:2,Token.setMaxTxAmount
DA:242,1
DA:243,1
FN:246,Token.updateUniswapV2Router
FNDA:5,Token.updateUniswapV2Router
DA:247,5
BRDA:247,3,0,2
DA:248,2
DA:251,3
DA:252,3
FN:255,Token.setNumTokensSellToAddToLiquidity
FNDA:6,Token.setNumTokensSellToAddToLiquidity
DA:258,6
DA:262,6
BRDA:262,4,0,2
DA:263,2
DA:269,4
FN:274,Token.isAccountExcludedFromFree
FNDA:43,Token.isAccountExcludedFromFree
DA:277,43
FN:280,Token.includeInFee
FNDA:5,Token.includeInFee
DA:281,5
BRDA:281,5,0,2
DA:282,2
DA:284,3
DA:285,3
FN:288,Token.excludeFromFee
FNDA:29,Token.excludeFromFee
DA:289,2
BRDA:289,6,0,2
DA:290,2
DA:293,26
DA:294,26
FN:297,Token.setFees
FNDA:11,Token.setFees
DA:302,9
BRDA:302,7,0,2
DA:303,2
DA:305,7
DA:306,7
DA:307,7
DA:309,7
FN:312,Token.approve
FNDA:16,Token.approve
DA:313,16
DA:314,15
FN:317,Token._approve
FNDA:37,Token._approve
DA:318,37
BRDA:318,8,0,1
DA:319,1
DA:322,36
DA:324,36
FN:327,Token._transfer
FNDA:84,Token._transfer
DA:332,84
BRDA:332,9,0,1
DA:333,1
DA:335,83
BRDA:335,10,0,2
DA:336,2
DA:338,81
BRDA:338,11,0,4
DA:339,4
DA:342,77
DA:345,77
DA:346,8
DA:347,8
DA:348,7
BRDA:348,12,0,7
DA:349,7
DA:352,75
DA:354,75
DA:355,75
DA:356,75
DA:358,9
BRDA:358,13,0,9
DA:359,9
DA:360,9
DA:361,9
DA:364,75
DA:366,75
DA:367,75
DA:369,9
BRDA:369,14,0,9
DA:370,9
DA:371,9
DA:372,9
DA:375,75
FN:378,Token.configureSwapProtocol
FNDA:16,Token.configureSwapProtocol
DA:380,16
DA:381,16
DA:382,0
BRDA:382,15,0,-
DA:383,0
DA:385,16
BRDA:385,16,0,-
DA:386,0
DA:389,16
DA:391,16
DA:396,15
DA:397,15
DA:398,15
DA:400,15
FN:403,Token.isSwapAndLiquifyEnabled
FNDA:2,Token.isSwapAndLiquifyEnabled
DA:404,2
FN:407,Token.swapAndLiquify
FNDA:7,Token.swapAndLiquify
DA:408,7
BRDA:408,17,0,-
DA:409,0
DA:412,7
DA:413,7
DA:415,7
DA:417,7
DA:419,5
DA:421,5
DA:423,5
FN:426,Token.setSwapAndLiquifyEnabled
FNDA:20,Token.setSwapAndLiquifyEnabled
DA:427,20
BRDA:427,18,0,2
DA:428,2
DA:434,18
DA:435,18
FN:438,Token.swapTokensForEth
FNDA:7,Token.swapTokensForEth
DA:439,7
DA:440,7
DA:441,7
DA:443,7
DA:445,7
FN:454,Token.addLiquidity
FNDA:5,Token.addLiquidity
DA:455,5
DA:457,5
FN:467,Token._reflectFee
FNDA:9,Token._reflectFee
DA:468,9
DA:469,9
DA:470,9
DA:472,9
FN:475,Token._takeLiquidity
FNDA:9,Token._takeLiquidity
DA:476,9
DA:477,9
FN:480,Token._burn
FNDA:9,Token._burn
DA:481,9
DA:482,9
DA:483,9
DA:485,9
FN:488,Token._getRate
FNDA:364,Token._getRate
DA:489,364
BRDA:489,19,0,-
BRDA:489,19,1,364
DA:490,364
FN:493,Token.getImplementation
FNDA:2,Token.getImplementation
DA:494,2
FN:497,Token._authorizeUpgrade
FNDA:21,Token._authorizeUpgrade
DA:500,2
BRDA:500,20,0,2
DA:501,2
DA:504,17
BRDA:504,21,0,5
DA:505,5
DA:508,12
DA:509,11
BRDA:509,22,0,2
DA:510,2
DA:512,1
DA:513,1
FNF:35
FNH:35
LF:152
LH:147
BRF:25
BRH:20
end_of_record
